<?xml version="1.0" encoding="UTF-8"?>
<!-- Generated by org.testng.reporters.JUnitReportReporter -->
<testsuite hostname="RameshPC" failures="0" tests="1" name="com.broadway.ecom.BaseSetup" time="10.534" errors="0" timestamp="2025-06-03T11:10:09 NPT" skipped="0">
  <testcase classname="com.broadway.ecom.BaseSetup" name="openBrowser" time="10.534"/>
</testsuite> <!-- com.broadway.ecom.BaseSetup -->
