<?xml version="1.0" encoding="UTF-8"?>
<!-- Generated by org.testng.reporters.JUnitReportReporter -->
<testsuite hostname="RameshPC" failures="0" tests="1" name="com.broadway.ecom.NegativeLoginTest" time="10.361" errors="0" timestamp="2025-06-12T18:05:06 NPT" skipped="0">
  <testcase classname="com.broadway.ecom.NegativeLoginTest" name="testLoginWithInvalidPassword" time="10.361"/>
</testsuite> <!-- com.broadway.ecom.NegativeLoginTest -->
