<?xml version="1.0" encoding="UTF-8"?>
<!-- Generated by org.testng.reporters.JUnitReportReporter -->
<testsuite hostname="RameshPC" failures="0" tests="6" name="com.broadway.ecom.UserTest" time="62.647" errors="0" timestamp="2025-06-12T18:06:45 NPT" skipped="0">
  <testcase classname="com.broadway.ecom.UserTest" name="fillUserInfo" time="0.004"/>
  <testcase classname="com.broadway.ecom.UserTest" name="fillCardInfo" time="3.744"/>
  <testcase classname="com.broadway.ecom.UserTest" name="logout" time="14.506"/>
  <testcase classname="com.broadway.ecom.UserTest" name="makePayment" time="2.580"/>
  <testcase classname="com.broadway.ecom.UserTest" name="signUp" time="29.790"/>
  <testcase classname="com.broadway.ecom.UserTest" name="buyProducts" time="12.023"/>
</testsuite> <!-- com.broadway.ecom.UserTest -->
