<?xml version="1.0" encoding="UTF-8"?>
<!-- Generated by org.testng.reporters.JUnitReportReporter -->
<testsuite hostname="RameshPC" failures="0" tests="6" name="com.broadway.ecom.UserTest" time="36.327" errors="0" timestamp="2025-06-11T18:53:03 NPT" skipped="0">
  <testcase classname="com.broadway.ecom.UserTest" name="makePayment" time="6.602"/>
  <testcase classname="com.broadway.ecom.UserTest" name="logout" time="10.895"/>
  <testcase classname="com.broadway.ecom.UserTest" name="buyProducts" time="8.007"/>
  <testcase classname="com.broadway.ecom.UserTest" name="signUp" time="7.441"/>
  <testcase classname="com.broadway.ecom.UserTest" name="fillCardInfo" time="3.380"/>
  <testcase classname="com.broadway.ecom.UserTest" name="fillUserInfo" time="0.002"/>
</testsuite> <!-- com.broadway.ecom.UserTest -->
